<?xml version="1.0" encoding="UTF-8"?>
<testsuite name="AttachmentsTest" tests="2" skipped="0" failures="0" errors="0" timestamp="2023-02-02T20:08:06" hostname="DESKTOP-T1L377U" time="5.086">
  <properties/>
  <testcase name="lambdaAttachments()" classname="AttachmentsTest" time="4.232"/>
  <testcase name="testAnnotatedAttach()" classname="AttachmentsTest" time="0.851"/>
  <system-out><![CDATA[]]></system-out>
  <system-err><![CDATA[Starting ChromeDriver 109.0.5414.74 (e7c5703604daa9cc128ccf5a5d3e993513758913-refs/branch-heads/5414@{#1172}) on port 37522
Only local connections are allowed.
Please see https://chromedriver.chromium.org/security-considerations for suggestions on keeping ChromeDriver safe.
ChromeDriver was started successfully.
]]></system-err>
</testsuite>
